<?xml version="1.0" encoding="UTF-8"?>
<!-- Generated by org.testng.reporters.JUnitXMLReporter -->
<testsuite hostname="NB-UZIE-7" name="Android 2" tests="1" failures="1" timestamp="6 Oct 2014 11:39:21 GMT" time="103.068" errors="0">
  <testcase name="CheckFlight" time="82.835" classname="test.java.TestNGUnitedTest">
    <failure type="java.lang.AssertionError" message="Expected  New York/Newark, NJ (EWR)error">
      <![CDATA[java.lang.AssertionError: Expected  New York/Newark, NJ (EWR)error
	at test.java.TestNGUnitedTest.CheckFlight(TestNGUnitedTest.java:100)
	at java.util.concurrent.FutureTask$Sync.innerRun(FutureTask.java:334)
	at java.util.concurrent.FutureTask.run(FutureTask.java:166)
	at java.util.concurrent.ThreadPoolExecutor.runWorker(ThreadPoolExecutor.java:1145)
	at java.util.concurrent.ThreadPoolExecutor$Worker.run(ThreadPoolExecutor.java:615)
	at java.lang.Thread.run(Thread.java:724)
... Removed 16 stack frames]]>
    </failure>
  </testcase> <!-- CheckFlight -->
</testsuite> <!-- Android 2 -->
