<?xml version="1.0" encoding="UTF-8"?>
<!-- Generated by org.testng.reporters.JUnitXMLReporter -->
<testsuite hostname="NB-UZIE-7" name="Default test" tests="8" failures="0" timestamp="5 Jan 2015 18:30:52 GMT" time="101.779" errors="0">
  <testcase name="testDevices" time="29.826" classname="test.java.gridExe"/>
  <testcase name="testDevices" time="54.994" classname="test.java.gridExe"/>
  <testcase name="testDevices" time="66.966" classname="test.java.gridExe"/>
  <testcase name="testDevices" time="100.562" classname="test.java.gridExe"/>
  <testcase name="testDevices" time="0.001" classname="test.java.emptyDPTest"/>
  <testcase name="testDevices" time="0.001" classname="test.java.emptyDPTest"/>
  <testcase name="testDevices" time="0.003" classname="test.java.emptyDPTest"/>
  <testcase name="f" time="0.001" classname="test.java.EmptyTest"/>
</testsuite> <!-- Default test -->
