<?xml version="1.0" encoding="UTF-8"?>
<!-- Generated by org.testng.reporters.JUnitXMLReporter -->
<testsuite hostname="NB-UZIE-7" name="United-iphone" tests="1" failures="1" timestamp="15 Sep 2014 21:24:59 GMT" time="139.021" errors="0">
  <testcase name="CheckFlight" time="121.673" classname="test.java.TestNGUnitedTest">
    <failure type="java.lang.AssertionError" message="Expected  New York/Newark, NJ (EWR)error">
      <![CDATA[java.lang.AssertionError: Expected  New York/Newark, NJ (EWR)error
	at test.java.TestNGUnitedTest.CheckFlight(TestNGUnitedTest.java:97)
	at java.util.concurrent.FutureTask$Sync.innerRun(FutureTask.java:334)
	at java.util.concurrent.FutureTask.run(FutureTask.java:166)
	at java.util.concurrent.ThreadPoolExecutor.runWorker(ThreadPoolExecutor.java:1145)
	at java.util.concurrent.ThreadPoolExecutor$Worker.run(ThreadPoolExecutor.java:615)
	at java.lang.Thread.run(Thread.java:724)
... Removed 16 stack frames]]>
    </failure>
  </testcase> <!-- CheckFlight -->
</testsuite> <!-- United-iphone -->
