<?xml version="1.0" encoding="UTF-8"?>
<testng-results skipped="0" failed="1" total="3" passed="2">
  <reporter-output>
    <line>
      <![CDATA[Connect to:demo.perfectomobile.com]]>
    </line>
    <line>
      <![CDATA[c:\test\TestNG_null.HTML]]>
    </line>
    <line>
      <![CDATA[<DIV>]]>
    </line>
    <line>
      <![CDATA[<!DOCTYPE HTML PUBLIC "-//W3C//DTD HTML 4.01//EN" "http://www.w3.org/TR/html4/loose.dtd">
<html>
	<head>
		<meta http-equiv="Content-Type" content="text/html; charset=utf-8">
			<style type="text/css">
					.style_49 { color: rgb(255, 128, 64);}
					.style_48 { color: red;}
					.style_47 { color: green;}
					.style_44 { color: red;}
					.style_45 { color: rgb(255, 128, 64);}
					.style_42 { font-style: italic;}
					.style_43 { color: green;}
					.style_41 { margin-top: 0pt; margin-right: 0pt; margin-left: 0pt; padding-right: 2mm; padding-left: 2mm;}
					.style_2 { width: 100%;}
					.style_3 { height: 90px; width: 190px;}
					.style_5 { font-size: 24pt; color: rgb(0, 64, 128);}
					.style_0 { font-family: Verdana; font-style: normal; font-variant: normal; font-weight: normal; font-size: 10pt; color: black; text-indent: 0em; letter-spacing: normal; word-spacing: normal; text-transform: none; white-space: normal; line-height: normal;}
					.style_1 { background-color: rgb(236, 241, 255);}
					.style_6 { height: 1cm;}
					.style_7 { margin-top: 0pt; margin-bottom: 20pt; height: 3.146in; width: 10.562in;}
					.style_57 { color: rgb(255, 128, 64);}
					.style_8 { font-size: 16pt;}
					.style_9 { font-weight: bold; font-size: 12pt;}
					.style_59 { color: green;}
					.style_53 { color: rgb(255, 128, 64);}
					.style_55 { color: green;}
					.style_56 { color: red;}
					.style_51 { color: green;}
					.style_52 { color: red;}
					.style_27 { margin-top: 0pt; margin-bottom: 0pt; padding-right: 1cm; padding-left: 1pt;}
					.style_26 { font-style: italic; font-weight: bold; color: white; background-color: rgb(0, 128, 192);}
					.style_25 { margin-top: 0pt; margin-bottom: 20pt; margin-left: 3pt; padding-right: 1pt; padding-left: 1pt;}
					.style_24 { font-size: 16pt; color: rgb(0, 64, 128); margin-top: 0pt; margin-bottom: 5pt;}
					.style_29 { padding-right: 1cm; padding-left: 1pt;}
					.style_28 { margin-top: 0pt; padding-right: 1cm; padding-left: 1pt;}
					.style_23 { height: 2.562in; width: 9.458in;}
					.style_20 { margin-top: 0pt;}
					.style_21 { margin-top: 0pt;}
					.style_36 { font-size: 16pt; color: rgb(0, 64, 128);}
					.style_35 { border-bottom: thin solid rgb(0, 0, 0);}
					.style_37 { margin-top: 0pt; margin-bottom: 4mm; margin-left: 3pt; padding-bottom: 1pt;}
					.style_39 { font-style: italic; font-weight: bold;}
					.style_30 { margin-left: 0pt; padding-right: 1cm; padding-left: 1pt;}
					.style_31 { margin-left: 0pt; padding-right: 1.5cm; padding-left: 1pt;}
					.style_32 { margin-left: 0pt; padding-right: 1.5cm; padding-left: 1pt;}
					.style_33 { border-top: thin solid rgb(0, 0, 0);}
					.style_34 { margin-bottom: 3pt;}
					.style_77 { color: rgb(255, 128, 64);}
					.style_76 { color: red;}
					.style_75 { color: green;}
					.style_105 { font-style: italic; font-weight: bold; color: rgb(255, 255, 255); background-color: rgb(0, 128, 192);}
					.style_106 { border-top: thin dotted rgb(0, 0, 0);}
					.style_73 { color: rgb(255, 128, 64);}
					.style_107 { font-weight: bold;}
					.style_72 { color: red;}
					.style_71 { color: green;}
					.style_101 { white-space: normal;}
					.style_103 { margin: 0pt;}
					.style_104 { margin-top: auto; margin-left: 3pt; width: 99.5%;}
					.style_100 { font-size: 9pt;}
					.style_79 { color: green;}
					.style_17 { margin-top: 0pt;}
					.style_65 { color: rgb(255, 128, 64);}
					.style_64 { color: red;}
					.style_19 { margin-top: 0pt;}
					.style_67 { color: green;}
					.style_13 { color: red;}
					.style_61 { color: rgb(255, 128, 64);}
					.style_14 { color: rgb(255, 128, 64);}
					.style_60 { color: red;}
					.style_63 { color: green;}
					.style_16 { width: 100%;}
					.style_12 { color: green;}
					.style_11 { height: 16px; width: 16px;}
					.style_68 { color: red;}
					.style_69 { color: rgb(255, 128, 64);}
					.style_95 { height: 300px;}
					.style_93 { font-weight: bold; font-size: 10pt;}
					.style_99 { font-weight: bold; font-size: 9pt;}
					.style_97 { font-size: 9pt;}
					.style_92 { margin-left: 0pt; padding-top: 1pt; border-top: 1px dotted rgb(0, 0, 0);}
					.style_91 { font-size: 10pt;}
					.style_90 { font-style: italic; font-weight: bold; color: white; background-color: rgb(0, 128, 192);}
					.style_83 { font-style: italic; color: red;}
					.style_85 { font-style: italic; color: rgb(0, 0, 0);}
					.style_84 { font-style: italic; color: rgb(255, 128, 64);}
					.style_87 { font-style: italic;}
					.style_89 { margin-top: 0pt; margin-bottom: 4mm; margin-left: 3pt; width: 99.5%;}
					.style_88 { height: 150px;}
					.style_81 { color: rgb(255, 128, 64);}
					.style_80 { color: red;}
			</style>
			<script type="text/javascript">
			 //<![CDATA[
			   function redirect(target, url){
			       if (target =='_blank'){
			           open(url);
			       }
			       else if (target == '_top'){
			           window.top.location.href=url;
			       }
			       else if (target == '_parent'){
			           location.href=url;
			       }
			       else if (target == '_self'){
			           location.href =url;
			       }
			       else{
			           open(url);
			       }
			      }
			 //]]]]><![CDATA[>
			</script>
		</head>
		<body class="style_0" style=" margin:0px;">
			<table cellpadding="0" style="empty-cells: show; border-collapse:collapse; background-color: rgb(236, 241, 255); width:100%;">
				<col></col>
				<tr>
					<td></td>
				</tr>
				<tr>
					<td valign="top">
						<table class="style_2" style="border-collapse: collapse; empty-cells: show; width: 100%;" id="AUTOGENBOOKMARK_1_588589fd-7f3a-44bb-893a-556d82e32995">
							<col style=" width: 3.146in;"></col>
							<col style=" width: 7.385in;"></col>
							<col></col>
							<tr valign="top" align="left">
								<td>
									<div>
										<img class="style_3" id="AUTOGENBOOKMARK_2_50156ac4-aea4-4aa8-bd7b-91e71b0d4c5d" src="https://demo.perfectomobile.com/nexperience/reportImages/perfecto_mobile.gif" alt="" style=" width: 190px; height: 90px;display: block;"></img>
									</div>
								</td>
								<td valign="bottom">
									<div class="style_5" style=" text-decoration: underline; text-align:left;">Script controller</div>
								</td>
								<td></td>
							</tr>
							<tr class="style_6" style=" height: 1cm;" valign="top" align="left">
								<td></td>
								<td valign="bottom"></td>
								<td></td>
							</tr>
						</table>
						<table class="style_7" style="border-collapse: collapse; empty-cells: show; height: 3.146in; width: 10.562in;" id="__bookmark_1">
							<col style=" width: 1.552in;"></col>
							<col style=" width: 0.208in;"></col>
							<col style=" width: 8.802in;"></col>
							<tr valign="top" align="left">
								<td class="style_8" align="right" valign="middle">
									<div class="style_9" id="AUTOGENBOOKMARK_3_7230d2ab-eae4-4c45-9e05-3f6009957f50">Cloud:</div>
								</td>
								<td valign="middle"></td>
								<td valign="middle">
									<div>demo.perfectomobile.com</div>
								</td>
							</tr>
							<tr valign="top" align="left">
								<td class="style_8" align="right" valign="middle">
									<div class="style_9" id="AUTOGENBOOKMARK_4_d1bfe3ef-4614-438e-812e-72273bc3cc1a">Path:</div>
								</td>
								<td valign="middle"></td>
								<td valign="middle">
									<div>uzie@perfectomobile.com Reports/controller/controller_14-10-06_11_43_49_859.xml</div>
								</td>
							</tr>
							<tr valign="top" align="left">
								<td class="style_8" align="right" valign="middle">
									<div class="style_9" id="AUTOGENBOOKMARK_5_c1138d36-5810-4716-b6b8-729c6a1a2c73">Status:</div>
								</td>
								<td valign="middle"></td>
								<td valign="middle">
									<table class="style_2" style="border-collapse: collapse; empty-cells: show; width: 100%;" id="AUTOGENBOOKMARK_6_da1a0681-d665-433f-bdc1-6cd0fe3b52f6">
										<col></col>
										<tr valign="top" align="left">
											<td>
												<table class="style_2" style="border-collapse: collapse; empty-cells: show; width: 100%;" id="AUTOGENBOOKMARK_7_0608ebd4-1b22-4d08-8e76-3790f1394222">
													<col style=" width: 17px;"></col>
													<col></col>
													<tr valign="top" align="left">
														<td>
															<div>
																<img class="style_11" id="AUTOGENBOOKMARK_8_26b62e9a-084d-4f1e-ac8c-9985837735ec" src="https://demo.perfectomobile.com/nexperience/reportImages/result_passed.png" alt="" style=" width: 16px; height: 16px;display: block;"></img>
															</div>
														</td>
														<td>
															<div class="style_12">Success</div>
														</td>
													</tr>
												</table>
											</td>
										</tr>
									</table>
								</td>
							</tr>
							<tr valign="top" align="left">
								<td class="style_8" align="right" valign="middle">
									<div class="style_9" id="AUTOGENBOOKMARK_9_76a97564-6fc3-4355-baac-d4d08be50cc9">Executed by:</div>
								</td>
								<td valign="middle"></td>
								<td valign="middle">
									<div>uzie@perfectomobile.com</div>
								</td>
							</tr>
							<tr valign="top" align="left">
								<td class="style_8" align="right" valign="middle">
									<div class="style_9" id="AUTOGENBOOKMARK_10_1310998a-5b4a-4744-9df5-642b8a6eb658">Start time:</div>
								</td>
								<td valign="middle"></td>
								<td valign="middle">
									<div>Oct 6, 2014, 11:43 AM</div>
								</td>
							</tr>
							<tr valign="top" align="left">
								<td class="style_8" align="right" valign="middle">
									<div class="style_9" id="AUTOGENBOOKMARK_11_b59ad5a1-c016-4086-9223-e82dcba46d6c">End time:</div>
								</td>
								<td valign="middle"></td>
								<td valign="middle">
									<div>Oct 6, 2014, 11:43 AM</div>
								</td>
							</tr>
							<tr valign="top" align="left">
								<td class="style_8" align="right" valign="middle">
									<div class="style_9" id="AUTOGENBOOKMARK_12_7e870624-67a5-48a3-b8cb-6de520058ed8">Duration:</div>
								</td>
								<td valign="middle"></td>
								<td valign="middle">
									<table class="style_16" style="border-collapse: collapse; empty-cells: show; width: 100%;" id="AUTOGENBOOKMARK_13_631d6841-847f-4568-997f-6693c6dbc8b1">
										<col style=" width: 1cm;"></col>
										<col></col>
										<tr valign="top" align="left">
											<td>
												<div class="style_21" style=" text-align:right;">516</div>
											</td>
											<td>
												<div id="AUTOGENBOOKMARK_14_9d41b7e0-979c-4ba7-b632-c4304b9ce96a" style=" text-align:left;">milliseconds</div>
											</td>
										</tr>
									</table>
								</td>
							</tr>
						</table>
						<div>
							<img class="style_23" id="__bookmark_3" src="https://demo.perfectomobile.com/nexperience/reportImages/temp/custom20a4f328148e545cd8d1.png" alt="" style=" width: 681pt; height: 184.5pt;display: block;"></img>
						</div>
						<div class="style_24" id="AUTOGENBOOKMARK_15_9421f510-d58a-49df-ba5c-465c418c3955" style=" text-decoration: underline; text-align:left;">Devices</div>
						<table class="style_25" style="border-collapse: collapse; empty-cells: show;" id="__bookmark_4">
							<col></col>
							<col></col>
							<col></col>
							<col></col>
							<col></col>
							<tr class="style_26" valign="top" align="left">
								<th class="style_27" style="font-weight: bold;" align="left">
									<div id="AUTOGENBOOKMARK_16_c2f12950-cd56-428f-adaa-7755e22cea71">manufacturer</div>
								</th>
								<th class="style_28" style="font-weight: bold;" align="left">
									<div id="AUTOGENBOOKMARK_17_92daa24e-47a8-4806-8cee-6e2034cffc8c">model</div>
								</th>
								<th class="style_29" style="font-weight: bold;" align="left">
									<div id="AUTOGENBOOKMARK_18_90fb3123-47c1-44c7-a1b0-795ac9846a05">version</div>
								</th>
								<th class="style_30" style="font-weight: bold;" align="left">
									<div id="AUTOGENBOOKMARK_19_24a0b6ef-c897-42c0-b845-aaa1b4bddd2a">IMEI</div>
								</th>
								<th style="font-weight: bold;"></th>
							</tr>
							<tr valign="top" align="left">
								<td class="style_27" align="left"></td>
								<td class="style_28" align="left"></td>
								<td class="style_29" align="left"></td>
								<td class="style_30" align="left"></td>
								<td></td>
							</tr>
						</table>
						<div class="style_36" id="AUTOGENBOOKMARK_20_dbb067d2-7715-4ff2-908d-15f7f8506f4f" style=" text-decoration: underline; text-align:left;">Execution Sequence</div>
						<table class="style_37" style="border-collapse: collapse; empty-cells: show;" id="__bookmark_5">
							<col style=" width: 0.885in;"></col>
							<col style=" width: 20px;"></col>
							<col></col>
							<tr valign="top" align="center">
								<th style="font-weight: normal;">
									<div class="style_39" id="AUTOGENBOOKMARK_21_c96eedc2-dae3-44d6-96a2-7d5c86c75b97" style=" text-align:left;">Time (seconds)</div>
								</th>
								<th style="font-weight: normal;"></th>
								<th style="font-weight: normal;"></th>
							</tr>
							<tr valign="top" align="left">
								<td>
									<div class="style_42">0</div>
								</td>
								<td>
									<table class="style_2" style="border-collapse: collapse; empty-cells: show; width: 100%;" id="AUTOGENBOOKMARK_22_18f45d3e-1847-4ff2-8444-2b441cb16c25">
										<col style=" width: 17px;"></col>
										<tr valign="top" align="left">
											<td>
												<div>
													<img class="style_11" id="AUTOGENBOOKMARK_23_d7d036fc-28eb-41fd-947a-5ad74cafc83a" src="https://demo.perfectomobile.com/nexperience/reportImages/result_passed.png" alt="" style=" width: 16px; height: 16px;display: block;"></img>
												</div>
											</td>
										</tr>
									</table>
								</td>
								<td></td>
							</tr>
							<tr valign="top" align="left">
								<td>
									<div class="style_42">0</div>
								</td>
								<td>
									<table class="style_2" style="border-collapse: collapse; empty-cells: show; width: 100%;" id="AUTOGENBOOKMARK_24_eeb89634-2599-4b91-b8b4-511a71a634c8">
										<col style=" width: 17px;"></col>
										<tr valign="top" align="left">
											<td>
												<div>
													<img class="style_11" id="AUTOGENBOOKMARK_25_17faa487-9885-4d8d-8cfd-2ff511d4cc3e" src="https://demo.perfectomobile.com/nexperience/reportImages/result_passed.png" alt="" style=" width: 16px; height: 16px;display: block;"></img>
												</div>
											</td>
										</tr>
									</table>
								</td>
								<td>
									<table class="style_2" style="border-collapse: collapse; empty-cells: show; width: 100%;" id="AUTOGENBOOKMARK_26_87a94137-6fef-406d-9dbb-eb46a54ef001">
										<col style=" width: 17px;"></col>
										<col></col>
										<tr valign="top" align="left">
											<td>
												<div>
													<img class="style_11" id="AUTOGENBOOKMARK_27_8f7f57dd-710d-4774-aab6-3f2c2d9f0d6f" src="https://demo.perfectomobile.com/nexperience/reportImages/scripts.png" alt="" style=" width: 16px; height: 16px;display: block;"></img>
												</div>
											</td>
											<td>
												<div class="style_43">
													<a href="#2.0" style=" color: green;">Script play0</a>
												</div>
											</td>
										</tr>
									</table>
								</td>
							</tr>
						</table>
						<table class="style_89" style="border-collapse: collapse; empty-cells: show; width: 99.5%;" id="__bookmark_6">
							<col></col>
							<col style=" width: 2cm;"></col>
							<col style=" width: 23mm;"></col>
							<col style=" width: 2cm;"></col>
							<col></col>
							<col></col>
							<col></col>
							<col></col>
							<tr class="style_90" valign="top" align="center">
								<th style="font-weight: bold;"></th>
								<th style="font-weight: bold;">
									<div id="AUTOGENBOOKMARK_28_3ad9c392-98cf-4ee0-8d9a-d2723499c8d7" style=" text-align:left;">Start Time&#xa0;</div>
								</th>
								<th style="font-weight: bold;">
									<div id="AUTOGENBOOKMARK_29_835a714a-06ed-4d07-9b83-b31ab30d90b7" style=" text-align:left;">Status&#xa0;</div>
								</th>
								<th style="font-weight: bold;">
									<div id="AUTOGENBOOKMARK_30_5fb92d6f-61cd-496d-8a23-abf88cc6a92e" style=" text-align:left;">Elapsed Time&#xa0;</div>
								</th>
								<th style="font-weight: bold;">
									<div id="AUTOGENBOOKMARK_31_87157847-b043-4109-9d38-370bb9027b9e" style=" text-align:left;">Parameters&#xa0;</div>
								</th>
								<th style="font-weight: bold;">
									<div id="AUTOGENBOOKMARK_32_329b1203-21b4-45e7-8e0e-eee9022ddc00" style=" text-align:left;">Expected Value</div>
								</th>
								<th style="font-weight: bold;">
									<div id="AUTOGENBOOKMARK_33_90a82731-6ca4-4fea-a914-a7d29b6b2f3a" style=" text-align:left;">Actual Value</div>
								</th>
								<th style="font-weight: bold;">
									<div id="AUTOGENBOOKMARK_34_c31cbe21-1b62-468b-a632-5323703a2184" style=" text-align:left;">Comments&#xa0;</div>
								</th>
							</tr>
							<tr class="style_92" valign="top" align="left">
								<td style=" border-top: 1px dotted rgb(0, 0, 0);">
									<div class="style_93" id="1.0">Script controller</div>
								</td>
								<td style=" border-top: 1px dotted rgb(0, 0, 0);">
									<div>0</div>
								</td>
								<td style=" border-top: 1px dotted rgb(0, 0, 0);">
									<table class="style_2" style="border-collapse: collapse; empty-cells: show; width: 100%;" id="AUTOGENBOOKMARK_35_a15cfade-8e0c-4c69-b1d1-a33dd85a63cc">
										<col style=" width: 17px;"></col>
										<col></col>
										<tr valign="top" align="left">
											<td>
												<div>
													<img class="style_11" id="AUTOGENBOOKMARK_36_a1ebc0fa-78a2-4af1-833c-af497049b7a7" src="https://demo.perfectomobile.com/nexperience/reportImages/result_passed.png" alt="" style=" width: 16px; height: 16px;display: block;"></img>
												</div>
											</td>
											<td>
												<div class="style_97">Success</div>
											</td>
										</tr>
									</table>
								</td>
								<td style=" border-top: 1px dotted rgb(0, 0, 0);">
									<div>0.5</div>
								</td>
								<td style=" border-top: 1px dotted rgb(0, 0, 0);"></td>
								<td style=" border-top: 1px dotted rgb(0, 0, 0);">
									<table class="style_2" style="border-collapse: collapse; empty-cells: show; width: 100%;" id="AUTOGENBOOKMARK_37_7ba6e042-dcde-4199-9b32-0e93c288dfd5">
										<col></col>
										<tr valign="top" align="left">
											<td></td>
										</tr>
										<tr valign="top" align="left">
											<td></td>
										</tr>
										<tr valign="top" align="left">
											<td></td>
										</tr>
									</table>
								</td>
								<td style=" border-top: 1px dotted rgb(0, 0, 0);">
									<table class="style_2" style="border-collapse: collapse; empty-cells: show; width: 100%;" id="AUTOGENBOOKMARK_38_3fed9494-276c-41db-b6f3-a99f65108c74">
										<col></col>
										<tr valign="top" align="left">
											<td></td>
										</tr>
										<tr valign="top" align="left">
											<td></td>
										</tr>
										<tr valign="top" align="left">
											<td></td>
										</tr>
									</table>
								</td>
								<td style=" border-top: 1px dotted rgb(0, 0, 0);"></td>
							</tr>
							<tr class="style_92" valign="top" align="left">
								<td style=" border-top: 1px dotted rgb(0, 0, 0);">
									<div class="style_93" id="2.0">Script play0</div>
								</td>
								<td style=" border-top: 1px dotted rgb(0, 0, 0);">
									<div>0</div>
								</td>
								<td style=" border-top: 1px dotted rgb(0, 0, 0);">
									<table class="style_2" style="border-collapse: collapse; empty-cells: show; width: 100%;" id="AUTOGENBOOKMARK_39_83337b86-5dea-4b6a-8068-315b9e568a42">
										<col style=" width: 17px;"></col>
										<col></col>
										<tr valign="top" align="left">
											<td>
												<div>
													<img class="style_11" id="AUTOGENBOOKMARK_40_8e4bfe7d-cf37-4c42-9b2d-0cf0aa111fe9" src="https://demo.perfectomobile.com/nexperience/reportImages/result_passed.png" alt="" style=" width: 16px; height: 16px;display: block;"></img>
												</div>
											</td>
											<td>
												<div class="style_97">Success</div>
											</td>
										</tr>
									</table>
								</td>
								<td style=" border-top: 1px dotted rgb(0, 0, 0);">
									<div>0.4</div>
								</td>
								<td style=" border-top: 1px dotted rgb(0, 0, 0);"></td>
								<td style=" border-top: 1px dotted rgb(0, 0, 0);">
									<table class="style_2" style="border-collapse: collapse; empty-cells: show; width: 100%;" id="AUTOGENBOOKMARK_41_e3b40489-6d41-46bf-ae4b-53431da116e1">
										<col></col>
										<tr valign="top" align="left">
											<td></td>
										</tr>
										<tr valign="top" align="left">
											<td></td>
										</tr>
										<tr valign="top" align="left">
											<td></td>
										</tr>
									</table>
								</td>
								<td style=" border-top: 1px dotted rgb(0, 0, 0);">
									<table class="style_2" style="border-collapse: collapse; empty-cells: show; width: 100%;" id="AUTOGENBOOKMARK_42_7b425617-bd53-4d53-97eb-89b0310bcc55">
										<col></col>
										<tr valign="top" align="left">
											<td></td>
										</tr>
										<tr valign="top" align="left">
											<td></td>
										</tr>
										<tr valign="top" align="left">
											<td></td>
										</tr>
									</table>
								</td>
								<td style=" border-top: 1px dotted rgb(0, 0, 0);"></td>
							</tr>
							<tr valign="top" align="left">
								<td></td>
								<td></td>
								<td></td>
								<td></td>
								<td></td>
								<td></td>
								<td></td>
								<td></td>
							</tr>
						</table>
					</td>
				</tr>
				<tr>
					<td></td>
				</tr>
			</table>
		</body>
	</html>
]]>
    </line>
    <line>
      <![CDATA[</DIV>]]>
    </line>
  </reporter-output>
  <suite name="testList" duration-ms="5381" started-at="2014-10-06T11:44:04Z" finished-at="2014-10-06T11:44:10Z">
    <groups>
    </groups>
    <test name="myTest" duration-ms="5381" started-at="2014-10-06T11:44:04Z" finished-at="2014-10-06T11:44:10Z">
      <class name="test.java.TestNGUnitedTest">
        <test-method status="PASS" signature="beforeTest()[pri:0, instance:test.java.TestNGUnitedTest@3dbd83b2]" name="beforeTest" is-config="true" duration-ms="1835" started-at="2014-10-06T07:44:04Z" finished-at="2014-10-06T07:44:06Z">
          <reporter-output>
            <line>
              <![CDATA[Connect to:demo.perfectomobile.com]]>
            </line>
          </reporter-output>
        </test-method> <!-- beforeTest -->
        <test-method status="FAIL" signature="CheckFlight(java.lang.String)[pri:0, instance:test.java.TestNGUnitedTest@3dbd83b2]" name="CheckFlight" duration-ms="0" started-at="2014-10-06T07:44:06Z" finished-at="2014-10-06T07:44:06Z">
          <exception class="org.testng.TestNGException">
            <message>
              <![CDATA[
Parameter 'deviceID' is required by @Test on method CheckFlight but has not been marked @Optional or defined
in C:\Users\uzie\dev\TestEnv\Executer.xml]]>
            </message>
            <full-stacktrace>
              <![CDATA[org.testng.TestNGException: 
Parameter 'deviceID' is required by @Test on method CheckFlight but has not been marked @Optional or defined
in C:\Users\uzie\dev\TestEnv\Executer.xml
	at org.testng.internal.Parameters.createParameters(Parameters.java:155)
	at org.testng.internal.Parameters.createParameters(Parameters.java:355)
	at org.testng.internal.Parameters.handleParameters(Parameters.java:447)
	at org.testng.internal.Invoker.handleParameters(Invoker.java:1383)
	at org.testng.internal.Invoker.createParameters(Invoker.java:1075)
	at org.testng.internal.Invoker.invokeTestMethods(Invoker.java:1180)
	at org.testng.internal.TestMethodWorker.invokeTestMethods(TestMethodWorker.java:127)
	at org.testng.internal.TestMethodWorker.run(TestMethodWorker.java:111)
	at org.testng.TestRunner.privateRun(TestRunner.java:767)
	at org.testng.TestRunner.run(TestRunner.java:617)
	at org.testng.SuiteRunner.runTest(SuiteRunner.java:334)
	at org.testng.SuiteRunner.access$000(SuiteRunner.java:37)
	at org.testng.SuiteRunner$SuiteWorker.run(SuiteRunner.java:368)
	at org.testng.internal.thread.ThreadUtil$2.call(ThreadUtil.java:64)
	at java.util.concurrent.FutureTask$Sync.innerRun(FutureTask.java:334)
	at java.util.concurrent.FutureTask.run(FutureTask.java:166)
	at java.util.concurrent.ThreadPoolExecutor.runWorker(ThreadPoolExecutor.java:1145)
	at java.util.concurrent.ThreadPoolExecutor$Worker.run(ThreadPoolExecutor.java:615)
	at java.lang.Thread.run(Thread.java:724)
]]>
            </full-stacktrace>
          </exception> <!-- org.testng.TestNGException -->
          <reporter-output>
          </reporter-output>
        </test-method> <!-- CheckFlight -->
        <test-method status="PASS" signature="afterTest()[pri:0, instance:test.java.TestNGUnitedTest@3dbd83b2]" name="afterTest" is-config="true" duration-ms="3510" started-at="2014-10-06T07:44:06Z" finished-at="2014-10-06T07:44:10Z">
          <reporter-output>
            <line>
              <![CDATA[c:\test\TestNG_null.HTML]]>
            </line>
            <line>
              <![CDATA[<DIV>]]>
            </line>
            <line>
              <![CDATA[<!DOCTYPE HTML PUBLIC "-//W3C//DTD HTML 4.01//EN" "http://www.w3.org/TR/html4/loose.dtd">
<html>
	<head>
		<meta http-equiv="Content-Type" content="text/html; charset=utf-8">
			<style type="text/css">
					.style_49 { color: rgb(255, 128, 64);}
					.style_48 { color: red;}
					.style_47 { color: green;}
					.style_44 { color: red;}
					.style_45 { color: rgb(255, 128, 64);}
					.style_42 { font-style: italic;}
					.style_43 { color: green;}
					.style_41 { margin-top: 0pt; margin-right: 0pt; margin-left: 0pt; padding-right: 2mm; padding-left: 2mm;}
					.style_2 { width: 100%;}
					.style_3 { height: 90px; width: 190px;}
					.style_5 { font-size: 24pt; color: rgb(0, 64, 128);}
					.style_0 { font-family: Verdana; font-style: normal; font-variant: normal; font-weight: normal; font-size: 10pt; color: black; text-indent: 0em; letter-spacing: normal; word-spacing: normal; text-transform: none; white-space: normal; line-height: normal;}
					.style_1 { background-color: rgb(236, 241, 255);}
					.style_6 { height: 1cm;}
					.style_7 { margin-top: 0pt; margin-bottom: 20pt; height: 3.146in; width: 10.562in;}
					.style_57 { color: rgb(255, 128, 64);}
					.style_8 { font-size: 16pt;}
					.style_9 { font-weight: bold; font-size: 12pt;}
					.style_59 { color: green;}
					.style_53 { color: rgb(255, 128, 64);}
					.style_55 { color: green;}
					.style_56 { color: red;}
					.style_51 { color: green;}
					.style_52 { color: red;}
					.style_27 { margin-top: 0pt; margin-bottom: 0pt; padding-right: 1cm; padding-left: 1pt;}
					.style_26 { font-style: italic; font-weight: bold; color: white; background-color: rgb(0, 128, 192);}
					.style_25 { margin-top: 0pt; margin-bottom: 20pt; margin-left: 3pt; padding-right: 1pt; padding-left: 1pt;}
					.style_24 { font-size: 16pt; color: rgb(0, 64, 128); margin-top: 0pt; margin-bottom: 5pt;}
					.style_29 { padding-right: 1cm; padding-left: 1pt;}
					.style_28 { margin-top: 0pt; padding-right: 1cm; padding-left: 1pt;}
					.style_23 { height: 2.562in; width: 9.458in;}
					.style_20 { margin-top: 0pt;}
					.style_21 { margin-top: 0pt;}
					.style_36 { font-size: 16pt; color: rgb(0, 64, 128);}
					.style_35 { border-bottom: thin solid rgb(0, 0, 0);}
					.style_37 { margin-top: 0pt; margin-bottom: 4mm; margin-left: 3pt; padding-bottom: 1pt;}
					.style_39 { font-style: italic; font-weight: bold;}
					.style_30 { margin-left: 0pt; padding-right: 1cm; padding-left: 1pt;}
					.style_31 { margin-left: 0pt; padding-right: 1.5cm; padding-left: 1pt;}
					.style_32 { margin-left: 0pt; padding-right: 1.5cm; padding-left: 1pt;}
					.style_33 { border-top: thin solid rgb(0, 0, 0);}
					.style_34 { margin-bottom: 3pt;}
					.style_77 { color: rgb(255, 128, 64);}
					.style_76 { color: red;}
					.style_75 { color: green;}
					.style_105 { font-style: italic; font-weight: bold; color: rgb(255, 255, 255); background-color: rgb(0, 128, 192);}
					.style_106 { border-top: thin dotted rgb(0, 0, 0);}
					.style_73 { color: rgb(255, 128, 64);}
					.style_107 { font-weight: bold;}
					.style_72 { color: red;}
					.style_71 { color: green;}
					.style_101 { white-space: normal;}
					.style_103 { margin: 0pt;}
					.style_104 { margin-top: auto; margin-left: 3pt; width: 99.5%;}
					.style_100 { font-size: 9pt;}
					.style_79 { color: green;}
					.style_17 { margin-top: 0pt;}
					.style_65 { color: rgb(255, 128, 64);}
					.style_64 { color: red;}
					.style_19 { margin-top: 0pt;}
					.style_67 { color: green;}
					.style_13 { color: red;}
					.style_61 { color: rgb(255, 128, 64);}
					.style_14 { color: rgb(255, 128, 64);}
					.style_60 { color: red;}
					.style_63 { color: green;}
					.style_16 { width: 100%;}
					.style_12 { color: green;}
					.style_11 { height: 16px; width: 16px;}
					.style_68 { color: red;}
					.style_69 { color: rgb(255, 128, 64);}
					.style_95 { height: 300px;}
					.style_93 { font-weight: bold; font-size: 10pt;}
					.style_99 { font-weight: bold; font-size: 9pt;}
					.style_97 { font-size: 9pt;}
					.style_92 { margin-left: 0pt; padding-top: 1pt; border-top: 1px dotted rgb(0, 0, 0);}
					.style_91 { font-size: 10pt;}
					.style_90 { font-style: italic; font-weight: bold; color: white; background-color: rgb(0, 128, 192);}
					.style_83 { font-style: italic; color: red;}
					.style_85 { font-style: italic; color: rgb(0, 0, 0);}
					.style_84 { font-style: italic; color: rgb(255, 128, 64);}
					.style_87 { font-style: italic;}
					.style_89 { margin-top: 0pt; margin-bottom: 4mm; margin-left: 3pt; width: 99.5%;}
					.style_88 { height: 150px;}
					.style_81 { color: rgb(255, 128, 64);}
					.style_80 { color: red;}
			</style>
			<script type="text/javascript">
			 //<![CDATA[
			   function redirect(target, url){
			       if (target =='_blank'){
			           open(url);
			       }
			       else if (target == '_top'){
			           window.top.location.href=url;
			       }
			       else if (target == '_parent'){
			           location.href=url;
			       }
			       else if (target == '_self'){
			           location.href =url;
			       }
			       else{
			           open(url);
			       }
			      }
			 //]]]]><![CDATA[>
			</script>
		</head>
		<body class="style_0" style=" margin:0px;">
			<table cellpadding="0" style="empty-cells: show; border-collapse:collapse; background-color: rgb(236, 241, 255); width:100%;">
				<col></col>
				<tr>
					<td></td>
				</tr>
				<tr>
					<td valign="top">
						<table class="style_2" style="border-collapse: collapse; empty-cells: show; width: 100%;" id="AUTOGENBOOKMARK_1_588589fd-7f3a-44bb-893a-556d82e32995">
							<col style=" width: 3.146in;"></col>
							<col style=" width: 7.385in;"></col>
							<col></col>
							<tr valign="top" align="left">
								<td>
									<div>
										<img class="style_3" id="AUTOGENBOOKMARK_2_50156ac4-aea4-4aa8-bd7b-91e71b0d4c5d" src="https://demo.perfectomobile.com/nexperience/reportImages/perfecto_mobile.gif" alt="" style=" width: 190px; height: 90px;display: block;"></img>
									</div>
								</td>
								<td valign="bottom">
									<div class="style_5" style=" text-decoration: underline; text-align:left;">Script controller</div>
								</td>
								<td></td>
							</tr>
							<tr class="style_6" style=" height: 1cm;" valign="top" align="left">
								<td></td>
								<td valign="bottom"></td>
								<td></td>
							</tr>
						</table>
						<table class="style_7" style="border-collapse: collapse; empty-cells: show; height: 3.146in; width: 10.562in;" id="__bookmark_1">
							<col style=" width: 1.552in;"></col>
							<col style=" width: 0.208in;"></col>
							<col style=" width: 8.802in;"></col>
							<tr valign="top" align="left">
								<td class="style_8" align="right" valign="middle">
									<div class="style_9" id="AUTOGENBOOKMARK_3_7230d2ab-eae4-4c45-9e05-3f6009957f50">Cloud:</div>
								</td>
								<td valign="middle"></td>
								<td valign="middle">
									<div>demo.perfectomobile.com</div>
								</td>
							</tr>
							<tr valign="top" align="left">
								<td class="style_8" align="right" valign="middle">
									<div class="style_9" id="AUTOGENBOOKMARK_4_d1bfe3ef-4614-438e-812e-72273bc3cc1a">Path:</div>
								</td>
								<td valign="middle"></td>
								<td valign="middle">
									<div>uzie@perfectomobile.com Reports/controller/controller_14-10-06_11_43_49_859.xml</div>
								</td>
							</tr>
							<tr valign="top" align="left">
								<td class="style_8" align="right" valign="middle">
									<div class="style_9" id="AUTOGENBOOKMARK_5_c1138d36-5810-4716-b6b8-729c6a1a2c73">Status:</div>
								</td>
								<td valign="middle"></td>
								<td valign="middle">
									<table class="style_2" style="border-collapse: collapse; empty-cells: show; width: 100%;" id="AUTOGENBOOKMARK_6_da1a0681-d665-433f-bdc1-6cd0fe3b52f6">
										<col></col>
										<tr valign="top" align="left">
											<td>
												<table class="style_2" style="border-collapse: collapse; empty-cells: show; width: 100%;" id="AUTOGENBOOKMARK_7_0608ebd4-1b22-4d08-8e76-3790f1394222">
													<col style=" width: 17px;"></col>
													<col></col>
													<tr valign="top" align="left">
														<td>
															<div>
																<img class="style_11" id="AUTOGENBOOKMARK_8_26b62e9a-084d-4f1e-ac8c-9985837735ec" src="https://demo.perfectomobile.com/nexperience/reportImages/result_passed.png" alt="" style=" width: 16px; height: 16px;display: block;"></img>
															</div>
														</td>
														<td>
															<div class="style_12">Success</div>
														</td>
													</tr>
												</table>
											</td>
										</tr>
									</table>
								</td>
							</tr>
							<tr valign="top" align="left">
								<td class="style_8" align="right" valign="middle">
									<div class="style_9" id="AUTOGENBOOKMARK_9_76a97564-6fc3-4355-baac-d4d08be50cc9">Executed by:</div>
								</td>
								<td valign="middle"></td>
								<td valign="middle">
									<div>uzie@perfectomobile.com</div>
								</td>
							</tr>
							<tr valign="top" align="left">
								<td class="style_8" align="right" valign="middle">
									<div class="style_9" id="AUTOGENBOOKMARK_10_1310998a-5b4a-4744-9df5-642b8a6eb658">Start time:</div>
								</td>
								<td valign="middle"></td>
								<td valign="middle">
									<div>Oct 6, 2014, 11:43 AM</div>
								</td>
							</tr>
							<tr valign="top" align="left">
								<td class="style_8" align="right" valign="middle">
									<div class="style_9" id="AUTOGENBOOKMARK_11_b59ad5a1-c016-4086-9223-e82dcba46d6c">End time:</div>
								</td>
								<td valign="middle"></td>
								<td valign="middle">
									<div>Oct 6, 2014, 11:43 AM</div>
								</td>
							</tr>
							<tr valign="top" align="left">
								<td class="style_8" align="right" valign="middle">
									<div class="style_9" id="AUTOGENBOOKMARK_12_7e870624-67a5-48a3-b8cb-6de520058ed8">Duration:</div>
								</td>
								<td valign="middle"></td>
								<td valign="middle">
									<table class="style_16" style="border-collapse: collapse; empty-cells: show; width: 100%;" id="AUTOGENBOOKMARK_13_631d6841-847f-4568-997f-6693c6dbc8b1">
										<col style=" width: 1cm;"></col>
										<col></col>
										<tr valign="top" align="left">
											<td>
												<div class="style_21" style=" text-align:right;">516</div>
											</td>
											<td>
												<div id="AUTOGENBOOKMARK_14_9d41b7e0-979c-4ba7-b632-c4304b9ce96a" style=" text-align:left;">milliseconds</div>
											</td>
										</tr>
									</table>
								</td>
							</tr>
						</table>
						<div>
							<img class="style_23" id="__bookmark_3" src="https://demo.perfectomobile.com/nexperience/reportImages/temp/custom20a4f328148e545cd8d1.png" alt="" style=" width: 681pt; height: 184.5pt;display: block;"></img>
						</div>
						<div class="style_24" id="AUTOGENBOOKMARK_15_9421f510-d58a-49df-ba5c-465c418c3955" style=" text-decoration: underline; text-align:left;">Devices</div>
						<table class="style_25" style="border-collapse: collapse; empty-cells: show;" id="__bookmark_4">
							<col></col>
							<col></col>
							<col></col>
							<col></col>
							<col></col>
							<tr class="style_26" valign="top" align="left">
								<th class="style_27" style="font-weight: bold;" align="left">
									<div id="AUTOGENBOOKMARK_16_c2f12950-cd56-428f-adaa-7755e22cea71">manufacturer</div>
								</th>
								<th class="style_28" style="font-weight: bold;" align="left">
									<div id="AUTOGENBOOKMARK_17_92daa24e-47a8-4806-8cee-6e2034cffc8c">model</div>
								</th>
								<th class="style_29" style="font-weight: bold;" align="left">
									<div id="AUTOGENBOOKMARK_18_90fb3123-47c1-44c7-a1b0-795ac9846a05">version</div>
								</th>
								<th class="style_30" style="font-weight: bold;" align="left">
									<div id="AUTOGENBOOKMARK_19_24a0b6ef-c897-42c0-b845-aaa1b4bddd2a">IMEI</div>
								</th>
								<th style="font-weight: bold;"></th>
							</tr>
							<tr valign="top" align="left">
								<td class="style_27" align="left"></td>
								<td class="style_28" align="left"></td>
								<td class="style_29" align="left"></td>
								<td class="style_30" align="left"></td>
								<td></td>
							</tr>
						</table>
						<div class="style_36" id="AUTOGENBOOKMARK_20_dbb067d2-7715-4ff2-908d-15f7f8506f4f" style=" text-decoration: underline; text-align:left;">Execution Sequence</div>
						<table class="style_37" style="border-collapse: collapse; empty-cells: show;" id="__bookmark_5">
							<col style=" width: 0.885in;"></col>
							<col style=" width: 20px;"></col>
							<col></col>
							<tr valign="top" align="center">
								<th style="font-weight: normal;">
									<div class="style_39" id="AUTOGENBOOKMARK_21_c96eedc2-dae3-44d6-96a2-7d5c86c75b97" style=" text-align:left;">Time (seconds)</div>
								</th>
								<th style="font-weight: normal;"></th>
								<th style="font-weight: normal;"></th>
							</tr>
							<tr valign="top" align="left">
								<td>
									<div class="style_42">0</div>
								</td>
								<td>
									<table class="style_2" style="border-collapse: collapse; empty-cells: show; width: 100%;" id="AUTOGENBOOKMARK_22_18f45d3e-1847-4ff2-8444-2b441cb16c25">
										<col style=" width: 17px;"></col>
										<tr valign="top" align="left">
											<td>
												<div>
													<img class="style_11" id="AUTOGENBOOKMARK_23_d7d036fc-28eb-41fd-947a-5ad74cafc83a" src="https://demo.perfectomobile.com/nexperience/reportImages/result_passed.png" alt="" style=" width: 16px; height: 16px;display: block;"></img>
												</div>
											</td>
										</tr>
									</table>
								</td>
								<td></td>
							</tr>
							<tr valign="top" align="left">
								<td>
									<div class="style_42">0</div>
								</td>
								<td>
									<table class="style_2" style="border-collapse: collapse; empty-cells: show; width: 100%;" id="AUTOGENBOOKMARK_24_eeb89634-2599-4b91-b8b4-511a71a634c8">
										<col style=" width: 17px;"></col>
										<tr valign="top" align="left">
											<td>
												<div>
													<img class="style_11" id="AUTOGENBOOKMARK_25_17faa487-9885-4d8d-8cfd-2ff511d4cc3e" src="https://demo.perfectomobile.com/nexperience/reportImages/result_passed.png" alt="" style=" width: 16px; height: 16px;display: block;"></img>
												</div>
											</td>
										</tr>
									</table>
								</td>
								<td>
									<table class="style_2" style="border-collapse: collapse; empty-cells: show; width: 100%;" id="AUTOGENBOOKMARK_26_87a94137-6fef-406d-9dbb-eb46a54ef001">
										<col style=" width: 17px;"></col>
										<col></col>
										<tr valign="top" align="left">
											<td>
												<div>
													<img class="style_11" id="AUTOGENBOOKMARK_27_8f7f57dd-710d-4774-aab6-3f2c2d9f0d6f" src="https://demo.perfectomobile.com/nexperience/reportImages/scripts.png" alt="" style=" width: 16px; height: 16px;display: block;"></img>
												</div>
											</td>
											<td>
												<div class="style_43">
													<a href="#2.0" style=" color: green;">Script play0</a>
												</div>
											</td>
										</tr>
									</table>
								</td>
							</tr>
						</table>
						<table class="style_89" style="border-collapse: collapse; empty-cells: show; width: 99.5%;" id="__bookmark_6">
							<col></col>
							<col style=" width: 2cm;"></col>
							<col style=" width: 23mm;"></col>
							<col style=" width: 2cm;"></col>
							<col></col>
							<col></col>
							<col></col>
							<col></col>
							<tr class="style_90" valign="top" align="center">
								<th style="font-weight: bold;"></th>
								<th style="font-weight: bold;">
									<div id="AUTOGENBOOKMARK_28_3ad9c392-98cf-4ee0-8d9a-d2723499c8d7" style=" text-align:left;">Start Time&#xa0;</div>
								</th>
								<th style="font-weight: bold;">
									<div id="AUTOGENBOOKMARK_29_835a714a-06ed-4d07-9b83-b31ab30d90b7" style=" text-align:left;">Status&#xa0;</div>
								</th>
								<th style="font-weight: bold;">
									<div id="AUTOGENBOOKMARK_30_5fb92d6f-61cd-496d-8a23-abf88cc6a92e" style=" text-align:left;">Elapsed Time&#xa0;</div>
								</th>
								<th style="font-weight: bold;">
									<div id="AUTOGENBOOKMARK_31_87157847-b043-4109-9d38-370bb9027b9e" style=" text-align:left;">Parameters&#xa0;</div>
								</th>
								<th style="font-weight: bold;">
									<div id="AUTOGENBOOKMARK_32_329b1203-21b4-45e7-8e0e-eee9022ddc00" style=" text-align:left;">Expected Value</div>
								</th>
								<th style="font-weight: bold;">
									<div id="AUTOGENBOOKMARK_33_90a82731-6ca4-4fea-a914-a7d29b6b2f3a" style=" text-align:left;">Actual Value</div>
								</th>
								<th style="font-weight: bold;">
									<div id="AUTOGENBOOKMARK_34_c31cbe21-1b62-468b-a632-5323703a2184" style=" text-align:left;">Comments&#xa0;</div>
								</th>
							</tr>
							<tr class="style_92" valign="top" align="left">
								<td style=" border-top: 1px dotted rgb(0, 0, 0);">
									<div class="style_93" id="1.0">Script controller</div>
								</td>
								<td style=" border-top: 1px dotted rgb(0, 0, 0);">
									<div>0</div>
								</td>
								<td style=" border-top: 1px dotted rgb(0, 0, 0);">
									<table class="style_2" style="border-collapse: collapse; empty-cells: show; width: 100%;" id="AUTOGENBOOKMARK_35_a15cfade-8e0c-4c69-b1d1-a33dd85a63cc">
										<col style=" width: 17px;"></col>
										<col></col>
										<tr valign="top" align="left">
											<td>
												<div>
													<img class="style_11" id="AUTOGENBOOKMARK_36_a1ebc0fa-78a2-4af1-833c-af497049b7a7" src="https://demo.perfectomobile.com/nexperience/reportImages/result_passed.png" alt="" style=" width: 16px; height: 16px;display: block;"></img>
												</div>
											</td>
											<td>
												<div class="style_97">Success</div>
											</td>
										</tr>
									</table>
								</td>
								<td style=" border-top: 1px dotted rgb(0, 0, 0);">
									<div>0.5</div>
								</td>
								<td style=" border-top: 1px dotted rgb(0, 0, 0);"></td>
								<td style=" border-top: 1px dotted rgb(0, 0, 0);">
									<table class="style_2" style="border-collapse: collapse; empty-cells: show; width: 100%;" id="AUTOGENBOOKMARK_37_7ba6e042-dcde-4199-9b32-0e93c288dfd5">
										<col></col>
										<tr valign="top" align="left">
											<td></td>
										</tr>
										<tr valign="top" align="left">
											<td></td>
										</tr>
										<tr valign="top" align="left">
											<td></td>
										</tr>
									</table>
								</td>
								<td style=" border-top: 1px dotted rgb(0, 0, 0);">
									<table class="style_2" style="border-collapse: collapse; empty-cells: show; width: 100%;" id="AUTOGENBOOKMARK_38_3fed9494-276c-41db-b6f3-a99f65108c74">
										<col></col>
										<tr valign="top" align="left">
											<td></td>
										</tr>
										<tr valign="top" align="left">
											<td></td>
										</tr>
										<tr valign="top" align="left">
											<td></td>
										</tr>
									</table>
								</td>
								<td style=" border-top: 1px dotted rgb(0, 0, 0);"></td>
							</tr>
							<tr class="style_92" valign="top" align="left">
								<td style=" border-top: 1px dotted rgb(0, 0, 0);">
									<div class="style_93" id="2.0">Script play0</div>
								</td>
								<td style=" border-top: 1px dotted rgb(0, 0, 0);">
									<div>0</div>
								</td>
								<td style=" border-top: 1px dotted rgb(0, 0, 0);">
									<table class="style_2" style="border-collapse: collapse; empty-cells: show; width: 100%;" id="AUTOGENBOOKMARK_39_83337b86-5dea-4b6a-8068-315b9e568a42">
										<col style=" width: 17px;"></col>
										<col></col>
										<tr valign="top" align="left">
											<td>
												<div>
													<img class="style_11" id="AUTOGENBOOKMARK_40_8e4bfe7d-cf37-4c42-9b2d-0cf0aa111fe9" src="https://demo.perfectomobile.com/nexperience/reportImages/result_passed.png" alt="" style=" width: 16px; height: 16px;display: block;"></img>
												</div>
											</td>
											<td>
												<div class="style_97">Success</div>
											</td>
										</tr>
									</table>
								</td>
								<td style=" border-top: 1px dotted rgb(0, 0, 0);">
									<div>0.4</div>
								</td>
								<td style=" border-top: 1px dotted rgb(0, 0, 0);"></td>
								<td style=" border-top: 1px dotted rgb(0, 0, 0);">
									<table class="style_2" style="border-collapse: collapse; empty-cells: show; width: 100%;" id="AUTOGENBOOKMARK_41_e3b40489-6d41-46bf-ae4b-53431da116e1">
										<col></col>
										<tr valign="top" align="left">
											<td></td>
										</tr>
										<tr valign="top" align="left">
											<td></td>
										</tr>
										<tr valign="top" align="left">
											<td></td>
										</tr>
									</table>
								</td>
								<td style=" border-top: 1px dotted rgb(0, 0, 0);">
									<table class="style_2" style="border-collapse: collapse; empty-cells: show; width: 100%;" id="AUTOGENBOOKMARK_42_7b425617-bd53-4d53-97eb-89b0310bcc55">
										<col></col>
										<tr valign="top" align="left">
											<td></td>
										</tr>
										<tr valign="top" align="left">
											<td></td>
										</tr>
										<tr valign="top" align="left">
											<td></td>
										</tr>
									</table>
								</td>
								<td style=" border-top: 1px dotted rgb(0, 0, 0);"></td>
							</tr>
							<tr valign="top" align="left">
								<td></td>
								<td></td>
								<td></td>
								<td></td>
								<td></td>
								<td></td>
								<td></td>
								<td></td>
							</tr>
						</table>
					</td>
				</tr>
				<tr>
					<td></td>
				</tr>
			</table>
		</body>
	</html>
]]>
            </line>
            <line>
              <![CDATA[</DIV>]]>
            </line>
          </reporter-output>
        </test-method> <!-- afterTest -->
      </class> <!-- test.java.TestNGUnitedTest -->
      <class name="test.java.TestNGUnitedTestTest">
        <test-method status="PASS" signature="f()[pri:0, instance:test.java.TestNGUnitedTestTest@40213e13]" name="f" duration-ms="0" started-at="2014-10-06T07:44:06Z" finished-at="2014-10-06T07:44:06Z">
          <reporter-output>
          </reporter-output>
        </test-method> <!-- f -->
      </class> <!-- test.java.TestNGUnitedTestTest -->
      <class name="test.java.EmptyTest">
        <test-method status="PASS" signature="f()[pri:0, instance:test.java.EmptyTest@1be32243]" name="f" duration-ms="1" started-at="2014-10-06T07:44:06Z" finished-at="2014-10-06T07:44:06Z">
          <reporter-output>
          </reporter-output>
        </test-method> <!-- f -->
      </class> <!-- test.java.EmptyTest -->
    </test> <!-- myTest -->
  </suite> <!-- testList -->
</testng-results>
