<?xml version="1.0" encoding="UTF-8"?>
<testng-results skipped="0" failed="0" total="1" passed="1">
  <reporter-output>
  </reporter-output>
  <suite name="Default suite" duration-ms="61" started-at="2014-10-05T08:10:31Z" finished-at="2014-10-05T08:10:31Z">
    <groups>
    </groups>
    <test name="Default test" duration-ms="61" started-at="2014-10-05T08:10:31Z" finished-at="2014-10-05T08:10:31Z">
      <class name="test.java.TestNGUnitedTestTest">
        <test-method status="PASS" signature="f()[pri:0, instance:test.java.TestNGUnitedTestTest@553fd068]" name="f" duration-ms="28" started-at="2014-10-05T04:10:31Z" finished-at="2014-10-05T04:10:31Z">
          <reporter-output>
          </reporter-output>
        </test-method> <!-- f -->
      </class> <!-- test.java.TestNGUnitedTestTest -->
    </test> <!-- Default test -->
  </suite> <!-- Default suite -->
</testng-results>
